<?xml version="1.0" encoding="UTF-8"?>
<testsuite name="HashTableTest" tests="3" skipped="0" failures="0" errors="0" timestamp="2018-02-08T21:58:59" hostname="Johannes-MacBook-Pro.local" time="0.002">
  <properties/>
  <testcase name="integerKey" classname="HashTableTest" time="0.002"/>
  <testcase name="severalValuesForOneKey" classname="HashTableTest" time="0.0"/>
  <testcase name="stringKey" classname="HashTableTest" time="0.0"/>
  <system-out><![CDATA[]]></system-out>
  <system-err><![CDATA[]]></system-err>
</testsuite>
