<?xml version="1.0" encoding="UTF-8"?>
<testsuite name="ExampleTest" tests="1" skipped="0" failures="0" errors="0" timestamp="2018-02-08T21:58:59" hostname="Johannes-MacBook-Pro.local" time="0.001">
  <properties/>
  <testcase name="evaluatesExpression" classname="ExampleTest" time="0.001"/>
  <system-out><![CDATA[]]></system-out>
  <system-err><![CDATA[]]></system-err>
</testsuite>
